--- Startup times for process: Primary (or UI client) ---

times in msec
 clock   self+sourced   self:  sourced script
 clock   elapsed:              other lines

000.001  000.001: --- NVIM STARTING ---
000.187  000.186: event init
000.282  000.096: early init
000.321  000.039: locale set
000.361  000.040: init first window
000.747  000.386: inits 1
000.758  000.011: window checked
000.761  000.003: parsing arguments
001.317  000.054  000.054: require('vim._core.shared')
001.410  000.004  000.004: require('string.buffer')
001.443  000.058  000.055: require('vim.inspect')
001.500  000.048  000.048: require('vim._core.options')
001.508  000.187  000.081: require('vim._core.editor')
001.551  000.042  000.042: require('vim._core.system')
001.552  000.311  000.029: require('vim._init_packages')
001.554  000.483: init lua interpreter
002.601  001.046: nvim_ui_attach
002.947  000.346: nvim_set_client_info
002.949  000.002: --- NVIM STARTED ---

--- Startup times for process: Embedded ---

times in msec
 clock   self+sourced   self:  sourced script
 clock   elapsed:              other lines

000.001  000.001: --- NVIM STARTING ---
000.222  000.221: event init
000.359  000.137: early init
000.425  000.066: locale set
000.494  000.069: init first window
000.927  000.433: inits 1
000.954  000.027: window checked
000.957  000.003: parsing arguments
001.583  000.051  000.051: require('vim._core.shared')
001.670  000.004  000.004: require('string.buffer')
001.702  000.056  000.053: require('vim.inspect')
001.761  000.050  000.050: require('vim._core.options')
001.768  000.182  000.076: require('vim._core.editor')
001.803  000.034  000.034: require('vim._core.system')
001.804  000.301  000.034: require('vim._init_packages')
001.806  000.548: init lua interpreter
001.879  000.073: expanding arguments
001.923  000.043: inits 2
002.219  000.296: init highlight
002.220  000.001: waiting for UI
002.391  000.172: done waiting for UI
002.399  000.008: clear screen
002.549  000.015  000.015: require('vim.keymap')
003.406  000.134  000.134: sourcing nvim_exec2()
003.526  001.125  000.976: require('vim._core.defaults')
003.528  000.004: init default mappings & autocommands
004.130  000.045  000.045: sourcing /home/hamin/.local/share/mise/installs/neovim/nightly/share/nvim/runtime/ftplugin.vim
004.220  000.024  000.024: sourcing /home/hamin/.local/share/mise/installs/neovim/nightly/share/nvim/runtime/indent.vim
005.617  000.103  000.103: require('vim._async')
005.920  000.299  000.299: require('vim.version')
006.490  001.881  001.479: require('vim.pack')
006.526  000.027  000.027: require('vim.fs')
006.589  000.005  000.005: require('vim.F')
009.052  000.209  000.209: sourcing /home/hamin/.config/nvim/colors/awe.lua
009.059  000.581  000.372: sourcing nvim_exec2() called at /home/hamin/Dotfiles/nvim/init.lua:0
009.594  000.532  000.532: require('nnn')
012.232  000.459  000.459: require('mini.basics')
012.777  000.011  000.011: sourcing /home/hamin/.local/share/nvim/site/pack/core/opt/vim-fugitive/ftdetect/fugitive.vim
012.843  000.200  000.189: sourcing nvim_exec2() called at /home/hamin/.local/share/mise/installs/neovim/nightly/share/nvim/runtime/filetype.lua:0
012.846  000.283  000.083: sourcing /home/hamin/.local/share/mise/installs/neovim/nightly/share/nvim/runtime/filetype.lua
012.974  000.013  000.013: sourcing /home/hamin/.local/share/mise/installs/neovim/nightly/share/nvim/runtime/ftplugin.vim
013.072  000.006  000.006: sourcing /home/hamin/.local/share/mise/installs/neovim/nightly/share/nvim/runtime/indent.vim
013.084  000.661  000.359: sourcing nvim_exec2() called at /home/hamin/Dotfiles/nvim/init.lua:0
015.820  000.327  000.327: require('mini.pairs')
017.149  000.866  000.866: require('mini.surround')
020.286  001.025  001.025: require('mini.completion')
022.016  001.571  001.571: require('mini.icons')
023.267  001.215  001.215: require('mini.extra')
024.306  001.035  001.035: require('mini.diff')
026.507  002.039  002.039: require('mini.pick')
026.795  000.177  000.177: require('vim.ui')
028.179  001.382  001.382: require('mini.align')
028.479  000.059  000.059: require('mason-core.path')
028.755  000.044  000.044: require('mason-core.functional.data')
028.843  000.085  000.085: require('mason-core.functional.function')
029.004  000.152  000.152: require('mason-core.functional.list')
029.065  000.055  000.055: require('mason-core.functional.relation')
029.126  000.059  000.059: require('mason-core.functional.logic')
029.175  000.046  000.046: require('mason-core.functional.number')
029.260  000.082  000.082: require('mason-core.functional.string')
029.363  000.077  000.077: require('mason-core.functional.table')
029.409  000.043  000.043: require('mason-core.functional.type')
029.411  000.794  000.151: require('mason-core.functional')
029.436  000.954  000.161: require('mason-core.platform')
029.529  000.092  000.092: require('mason.settings')
029.532  001.205  000.100: require('mason-core.installer.InstallLocation')
029.918  000.196  000.196: require('mason-core.log')
029.921  000.261  000.065: require('mason-core.EventEmitter')
030.070  000.147  000.147: require('mason-registry.sources')
030.076  000.543  000.134: require('mason-registry')
030.077  001.833  000.086: require('mason')
030.333  000.212  000.212: require('mason.api.command')
030.501  000.049  000.049: require('mason-lspconfig.settings')
030.506  000.167  000.117: require('mason-lspconfig')
030.673  000.135  000.135: require('mason-core.async')
030.850  000.093  000.093: require('mason-core.async.control')
030.971  000.120  000.120: require('mason-core.result')
031.126  000.042  000.042: require('mason-core.async.uv')
031.130  000.157  000.115: require('mason-core.fs')
031.159  000.484  000.114: require('mason-registry.installer')
031.655  000.159  000.159: require('mason-core.process')
031.756  000.099  000.099: require('mason-core.spawn')
031.759  000.318  000.059: require('mason-core.installer.managers.powershell')
031.799  000.039  000.039: require('mason.version')
031.801  000.460  000.104: require('mason-core.fetch')
031.864  000.062  000.062: require('mason-core.providers')
032.005  000.073  000.073: require('mason-core.optional')
032.375  000.160  000.160: require('mason-core.purl')
032.380  000.272  000.112: require('mason-core.package.AbstractPackage')
032.888  000.090  000.090: require('mason-core.installer.compiler.expr')
032.893  000.246  000.156: require('mason-core.installer.compiler.link')
033.343  000.055  000.055: require('mason-core.installer.context.InstallContextCwd')
033.418  000.073  000.073: require('mason-core.installer.context.InstallContextFs')
033.473  000.053  000.053: require('mason-core.installer.context.InstallContextSpawn')
033.564  000.090  000.090: require('mason-core.receipt')
033.576  000.437  000.166: require('mason-core.installer.context')
033.577  000.477  000.040: require('mason-core.installer')
033.594  000.628  000.151: require('mason-core.installer.managers.std')
033.596  000.702  000.073: require('mason-core.installer.compiler.schemas')
033.680  000.084  000.084: require('mason-core.installer.compiler.util')
033.689  001.174  000.143: require('mason-core.installer.compiler')
033.807  000.117  000.117: require('mason-core.installer.linker')
033.810  001.428  000.137: require('mason-core.installer.InstallRunner')
033.911  000.100  000.100: require('mason-core.installer.UninstallRunner')
033.915  001.909  000.109: require('mason-core.package')
033.919  002.054  000.072: require('mason-registry.sources.util')
033.925  002.710  000.134: require('mason-registry.sources.github')
034.175  000.091  000.091: require('mason-registry.sources.synthesized')
037.278  000.055  000.055: require('mason-lspconfig.mappings')
037.281  000.127  000.072: require('mason-lspconfig.features.automatic_enable')
043.533  000.581  000.581: require('vim.lsp.protocol')
043.562  000.750  000.168: require('vim.lsp.log')
044.571  001.006  001.006: require('vim.lsp.util')
044.942  000.185  000.185: require('vim.lsp.sync')
044.948  000.374  000.189: require('vim.lsp._changetracking')
045.355  000.130  000.130: require('vim.lsp._transport')
045.361  000.004  000.004: require('vim._core.stringbuffer')
045.389  000.439  000.305: require('vim.lsp.rpc')
045.446  003.141  000.572: require('vim.lsp')
046.480  000.038  000.038: require('mason-lspconfig.notify')
046.498  000.185  000.147: require('mason-lspconfig.api.command')
046.563  000.064  000.064: require('nvim-treesitter')
046.686  000.121  000.121: require('nvim-treesitter.config')
047.136  000.426  000.426: require('mini.hipatterns')
047.797  000.527  000.527: require('render-markdown.settings')
047.802  000.622  000.095: require('render-markdown')
047.914  000.110  000.110: require('render-markdown.lib.presets')
048.111  000.068  000.068: require('render-markdown.lib.compat')
048.289  000.033  000.033: require('render-markdown.lib.list')
048.293  000.180  000.147: require('render-markdown.lib.env')
048.537  000.045  000.045: require('render-markdown.lib.interval')
048.589  000.051  000.051: require('render-markdown.lib.str')
048.592  000.153  000.057: require('render-markdown.lib.line')
048.680  000.049  000.049: require('render-markdown.lib.resolved')
048.721  000.039  000.039: require('render-markdown.lib.iter')
048.723  000.358  000.117: require('render-markdown.lib.config')
048.725  000.431  000.072: require('render-markdown.state')
048.800  000.073  000.073: require('render-markdown.core.ts')
048.984  000.048  000.048: require('render-markdown.request.context')
049.081  000.095  000.095: require('render-markdown.core.log')
049.086  000.284  000.141: require('render-markdown.core.ui')
050.267  001.173  001.173: require('mini.snippets')
050.565  000.133  000.133: require('vim.hl')
051.879  001.236  001.236: require('vim.diagnostic')
051.963  001.626  000.257: require('options')
052.244  000.065  000.065: require('argslist')
052.505  000.260  000.260: require('helper_fns')
053.426  000.918  000.918: require('mini.ai')
053.921  000.488  000.488: require('mini.splitjoin')
054.671  000.015  000.015: require('ffi')
054.678  000.642  000.627: require('mini.operators')
056.985  000.156  000.156: require('quicker')
057.016  005.051  002.523: require('keymaps')
057.125  000.107  000.107: require('autocmds')
057.128  052.811  019.606: sourcing /home/hamin/.config/nvim/init.lua
057.137  000.729: sourcing vimrc file(s)
057.334  000.053  000.053: sourcing /home/hamin/.local/share/mise/installs/neovim/nightly/share/nvim/runtime/syntax/synload.vim
057.439  000.257  000.203: sourcing /home/hamin/.local/share/mise/installs/neovim/nightly/share/nvim/runtime/syntax/syntax.vim
058.250  000.479  000.479: require('render-markdown.core.colors')
058.514  000.087  000.087: require('render-markdown.api')
058.520  000.212  000.125: require('render-markdown.core.command')
058.694  000.153  000.153: require('render-markdown.core.manager')
058.725  000.979  000.135: sourcing /home/hamin/.local/share/nvim/site/pack/core/opt/render-markdown.nvim/plugin/render-markdown.lua
059.422  000.617  000.617: sourcing /home/hamin/.local/share/nvim/site/pack/core/opt/vim-fugitive/plugin/fugitive.vim
059.760  000.209  000.209: sourcing /home/hamin/.local/share/nvim/site/pack/core/opt/nvim-lspconfig/plugin/lspconfig.lua
061.521  000.133  000.133: require('vim.treesitter.language')
061.577  000.052  000.052: require('vim.func')
061.713  000.135  000.135: require('vim.treesitter._range')
061.811  000.094  000.094: require('vim.func._memoize')
061.873  001.023  000.609: require('vim.treesitter.query')
061.924  001.658  000.635: require('vim.treesitter.languagetree')
061.932  001.946  000.288: require('vim.treesitter')
062.045  002.172  000.226: sourcing /home/hamin/.local/share/nvim/site/pack/core/opt/nvim-treesitter/plugin/filetypes.lua
062.154  000.078  000.078: sourcing /home/hamin/.local/share/nvim/site/pack/core/opt/nvim-treesitter/plugin/nvim-treesitter.lua
062.219  000.039  000.039: sourcing /home/hamin/.local/share/nvim/site/pack/core/opt/nvim-treesitter/plugin/query_predicates.lua
062.716  000.123  000.123: sourcing /home/hamin/.local/share/mise/installs/neovim/nightly/share/nvim/runtime/plugin/gzip.vim
063.325  000.114  000.114: sourcing /home/hamin/.local/share/mise/installs/neovim/nightly/share/nvim/runtime/pack/dist/opt/matchit/plugin/matchit.vim
063.365  000.619  000.505: sourcing /home/hamin/.local/share/mise/installs/neovim/nightly/share/nvim/runtime/plugin/matchit.vim
063.478  000.086  000.086: sourcing /home/hamin/.local/share/mise/installs/neovim/nightly/share/nvim/runtime/plugin/matchparen.vim
064.093  000.142  000.142: sourcing /home/hamin/.local/share/mise/installs/neovim/nightly/share/nvim/runtime/pack/dist/opt/netrw/plugin/netrwPlugin.vim
064.131  000.625  000.483: sourcing /home/hamin/.local/share/mise/installs/neovim/nightly/share/nvim/runtime/plugin/netrwPlugin.vim
064.256  000.090  000.090: sourcing /home/hamin/.local/share/mise/installs/neovim/nightly/share/nvim/runtime/plugin/rplugin.vim
064.348  000.060  000.060: sourcing /home/hamin/.local/share/mise/installs/neovim/nightly/share/nvim/runtime/plugin/tarPlugin.vim
064.397  000.012  000.012: sourcing /home/hamin/.local/share/mise/installs/neovim/nightly/share/nvim/runtime/plugin/tutor.vim
064.516  000.088  000.088: sourcing /home/hamin/.local/share/mise/installs/neovim/nightly/share/nvim/runtime/plugin/zipPlugin.vim
064.590  000.034  000.034: sourcing /home/hamin/.local/share/mise/installs/neovim/nightly/share/nvim/runtime/plugin/editorconfig.lua
064.674  000.053  000.053: sourcing /home/hamin/.local/share/mise/installs/neovim/nightly/share/nvim/runtime/plugin/man.lua
064.766  000.060  000.060: sourcing /home/hamin/.local/share/mise/installs/neovim/nightly/share/nvim/runtime/plugin/nvim/net.lua
064.824  000.023  000.023: sourcing /home/hamin/.local/share/mise/installs/neovim/nightly/share/nvim/runtime/plugin/nvim/spellfile.lua
064.944  000.090  000.090: sourcing /home/hamin/.local/share/mise/installs/neovim/nightly/share/nvim/runtime/plugin/osc52.lua
065.068  000.092  000.092: sourcing /home/hamin/.local/share/mise/installs/neovim/nightly/share/nvim/runtime/plugin/shada.lua
065.134  000.028  000.028: sourcing /home/hamin/.local/share/mise/installs/neovim/nightly/share/nvim/runtime/plugin/tohtml.lua
065.149  001.578: loading rtp plugins
065.292  000.143: loading packages
065.649  000.357: loading after plugins
065.654  000.005: inits 3
067.395  001.741: reading ShaDa
067.441  000.045: opening buffers
067.512  000.071: BufEnter autocommands
067.513  000.002: editing files in windows
067.599  000.086: VimEnter autocommands
067.624  000.024: UIEnter autocommands
067.625  000.001: before starting main loop
072.991  000.716  000.716: require('vim.treesitter.highlighter')
074.238  001.222  001.222: require('vim.lsp.client')
074.417  004.855: first screen update
074.418  000.002: --- NVIM STARTED ---

